<?xml version="1.0" encoding="UTF-8"?>
<!-- Generated by org.testng.reporters.JUnitReportReporter -->
<testsuite hostname="DESKTOP-4B53UME" failures="0" tests="1" name="projectDemo.demo" time="149.500" errors="0" timestamp="2022-08-07T17:09:09 IST" skipped="0">
  <testcase classname="projectDemo.demo" name="demoProject" time="149.500"/>
  <system-out/>
</testsuite> <!-- projectDemo.demo -->
