<?xml version="1.0" encoding="UTF-8"?>
<!-- Generated by org.testng.reporters.JUnitReportReporter -->
<testsuite hostname="DESKTOP-4B53UME" failures="0" tests="1" name="projectDemo.demo" time="158.882" errors="0" timestamp="2022-08-08T13:20:06 IST" skipped="0">
  <testcase classname="projectDemo.demo" name="demoProject" time="158.882"/>
  <system-out/>
</testsuite> <!-- projectDemo.demo -->
